[2022-01-27 19:38:37.337] [exthost] [info] Extension host with pid 10224 started
[2022-01-27 19:38:37.337] [exthost] [error] Error: EEXIST: file already exists, open '/u/cstinson/.vscode-server/data/User/workspaceStorage/7b60651d63b7f27fbf265b46ea38c6ec/vscode.lock'
[2022-01-27 19:38:37.337] [exthost] [info] Lock '/u/cstinson/.vscode-server/data/User/workspaceStorage/7b60651d63b7f27fbf265b46ea38c6ec/vscode.lock': Could not acquire lock, checking if the file is stale.
[2022-01-27 19:38:37.337] [exthost] [info] Lock '/u/cstinson/.vscode-server/data/User/workspaceStorage/7b60651d63b7f27fbf265b46ea38c6ec/vscode.lock': The lock does not look stale, elapsed: 278 ms, giving up.
[2022-01-27 19:38:37.347] [exthost] [info] Lock '/u/cstinson/.vscode-server/data/User/workspaceStorage/7b60651d63b7f27fbf265b46ea38c6ec-1/vscode.lock': Lock acquired.
[2022-01-27 19:38:37.512] [exthost] [info] ExtensionService#_doActivateExtension vscode.debug-auto-launch, startup: true, activationEvent: '*'
[2022-01-27 19:38:37.520] [exthost] [info] ExtensionService#_doActivateExtension vscode.git-base, startup: true, activationEvent: '*', root cause: vscode.github
[2022-01-27 19:38:37.771] [exthost] [info] ExtensionService#_doActivateExtension vscode.git, startup: true, activationEvent: '*'
[2022-01-27 19:38:37.830] [exthost] [info] ExtensionService#_doActivateExtension vscode.github, startup: true, activationEvent: '*'
[2022-01-27 19:38:38.005] [exthost] [info] ExtensionService#_doActivateExtension vscode.emmet, startup: false, activationEvent: 'onStartupFinished'
[2022-01-27 19:38:38.019] [exthost] [info] ExtensionService#_doActivateExtension vscode.merge-conflict, startup: false, activationEvent: 'onStartupFinished'
[2022-01-27 19:38:38.022] [exthost] [info] Eager extensions activated
[2022-01-27 19:38:38.665] [exthost] [warning] [Decorations] CAPPING events from decorations provider vscode.git 3634
[2022-01-27 19:43:14.227] [exthost] [warning] [Decorations] CAPPING events from decorations provider vscode.git 3634
[2022-01-27 19:43:19.717] [exthost] [warning] [Decorations] CAPPING events from decorations provider vscode.git 3634
[2022-01-27 19:43:25.088] [exthost] [warning] [Decorations] CAPPING events from decorations provider vscode.git 3634
[2022-01-27 19:43:30.511] [exthost] [warning] [Decorations] CAPPING events from decorations provider vscode.git 3634
[2022-01-27 19:43:35.932] [exthost] [warning] [Decorations] CAPPING events from decorations provider vscode.git 3634
[2022-01-27 19:43:41.338] [exthost] [warning] [Decorations] CAPPING events from decorations provider vscode.git 3633
[2022-01-27 19:43:46.773] [exthost] [warning] [Decorations] CAPPING events from decorations provider vscode.git 3633
[2022-01-27 19:43:52.148] [exthost] [warning] [Decorations] CAPPING events from decorations provider vscode.git 3633
[2022-01-27 19:43:57.553] [exthost] [warning] [Decorations] CAPPING events from decorations provider vscode.git 3633
[2022-01-27 19:44:02.981] [exthost] [warning] [Decorations] CAPPING events from decorations provider vscode.git 3633
[2022-01-27 19:44:08.393] [exthost] [warning] [Decorations] CAPPING events from decorations provider vscode.git 3633
[2022-01-27 19:44:13.963] [exthost] [warning] [Decorations] CAPPING events from decorations provider vscode.git 3633
[2022-01-27 19:44:19.359] [exthost] [warning] [Decorations] CAPPING events from decorations provider vscode.git 3633
[2022-01-27 19:44:24.755] [exthost] [warning] [Decorations] CAPPING events from decorations provider vscode.git 3633
[2022-01-27 19:44:30.226] [exthost] [warning] [Decorations] CAPPING events from decorations provider vscode.git 3633
[2022-01-27 19:44:35.691] [exthost] [warning] [Decorations] CAPPING events from decorations provider vscode.git 3633
[2022-01-27 19:44:41.117] [exthost] [warning] [Decorations] CAPPING events from decorations provider vscode.git 3633
[2022-01-27 19:44:46.594] [exthost] [warning] [Decorations] CAPPING events from decorations provider vscode.git 3633
[2022-01-27 19:44:52.018] [exthost] [warning] [Decorations] CAPPING events from decorations provider vscode.git 3633
[2022-01-27 19:44:57.425] [exthost] [warning] [Decorations] CAPPING events from decorations provider vscode.git 3633
[2022-01-27 19:45:02.958] [exthost] [warning] [Decorations] CAPPING events from decorations provider vscode.git 3633
[2022-01-27 19:45:08.493] [exthost] [warning] [Decorations] CAPPING events from decorations provider vscode.git 3633
[2022-01-27 19:45:13.870] [exthost] [warning] [Decorations] CAPPING events from decorations provider vscode.git 3633
[2022-01-27 19:45:19.276] [exthost] [warning] [Decorations] CAPPING events from decorations provider vscode.git 3633
[2022-01-27 19:45:24.671] [exthost] [warning] [Decorations] CAPPING events from decorations provider vscode.git 3633
[2022-01-27 19:45:30.180] [exthost] [warning] [Decorations] CAPPING events from decorations provider vscode.git 3633
[2022-01-27 19:45:35.600] [exthost] [warning] [Decorations] CAPPING events from decorations provider vscode.git 3633
[2022-01-27 19:45:41.100] [exthost] [warning] [Decorations] CAPPING events from decorations provider vscode.git 3633
[2022-01-27 19:46:49.222] [exthost] [warning] [Decorations] CAPPING events from decorations provider vscode.git 3633
[2022-01-27 19:46:54.584] [exthost] [warning] [Decorations] CAPPING events from decorations provider vscode.git 3633
[2022-01-27 19:46:59.961] [exthost] [warning] [Decorations] CAPPING events from decorations provider vscode.git 3633
[2022-01-27 19:47:05.342] [exthost] [warning] [Decorations] CAPPING events from decorations provider vscode.git 3633
[2022-01-27 19:47:10.755] [exthost] [warning] [Decorations] CAPPING events from decorations provider vscode.git 3633
[2022-01-27 19:47:16.223] [exthost] [warning] [Decorations] CAPPING events from decorations provider vscode.git 3633
[2022-01-27 19:47:21.619] [exthost] [warning] [Decorations] CAPPING events from decorations provider vscode.git 3633
[2022-01-27 19:47:27.071] [exthost] [warning] [Decorations] CAPPING events from decorations provider vscode.git 3633
[2022-01-27 19:47:32.506] [exthost] [warning] [Decorations] CAPPING events from decorations provider vscode.git 3633
[2022-01-27 19:47:38.014] [exthost] [warning] [Decorations] CAPPING events from decorations provider vscode.git 3633
[2022-01-27 19:47:43.392] [exthost] [warning] [Decorations] CAPPING events from decorations provider vscode.git 3633
[2022-01-27 19:47:48.855] [exthost] [warning] [Decorations] CAPPING events from decorations provider vscode.git 3633
[2022-01-27 19:48:01.714] [exthost] [warning] [Decorations] CAPPING events from decorations provider vscode.git 3633
[2022-01-27 19:48:07.120] [exthost] [warning] [Decorations] CAPPING events from decorations provider vscode.git 3633
[2022-01-27 19:48:12.493] [exthost] [warning] [Decorations] CAPPING events from decorations provider vscode.git 3633
[2022-01-27 19:48:17.937] [exthost] [warning] [Decorations] CAPPING events from decorations provider vscode.git 3633
[2022-01-27 19:48:23.487] [exthost] [warning] [Decorations] CAPPING events from decorations provider vscode.git 3633
[2022-01-27 19:48:28.863] [exthost] [warning] [Decorations] CAPPING events from decorations provider vscode.git 3633
[2022-01-27 19:48:34.338] [exthost] [warning] [Decorations] CAPPING events from decorations provider vscode.git 3633
[2022-01-27 19:48:39.883] [exthost] [warning] [Decorations] CAPPING events from decorations provider vscode.git 3633
[2022-01-27 19:48:45.289] [exthost] [warning] [Decorations] CAPPING events from decorations provider vscode.git 3633
[2022-01-27 19:48:50.689] [exthost] [warning] [Decorations] CAPPING events from decorations provider vscode.git 3633
[2022-01-27 19:48:56.110] [exthost] [warning] [Decorations] CAPPING events from decorations provider vscode.git 3633
[2022-01-27 19:49:39.304] [exthost] [warning] [Decorations] CAPPING events from decorations provider vscode.git 3633
[2022-01-27 19:49:44.780] [exthost] [warning] [Decorations] CAPPING events from decorations provider vscode.git 3633
[2022-01-27 19:49:50.175] [exthost] [warning] [Decorations] CAPPING events from decorations provider vscode.git 3633
[2022-01-27 19:49:55.562] [exthost] [warning] [Decorations] CAPPING events from decorations provider vscode.git 3633
[2022-01-27 19:50:00.964] [exthost] [warning] [Decorations] CAPPING events from decorations provider vscode.git 3633
[2022-01-27 19:50:12.144] [exthost] [warning] [Decorations] CAPPING events from decorations provider vscode.git 3633
[2022-01-27 19:50:17.537] [exthost] [warning] [Decorations] CAPPING events from decorations provider vscode.git 3633
[2022-01-27 19:50:22.979] [exthost] [warning] [Decorations] CAPPING events from decorations provider vscode.git 3633
[2022-01-27 19:50:28.471] [exthost] [warning] [Decorations] CAPPING events from decorations provider vscode.git 3633
[2022-01-27 19:50:34.092] [exthost] [warning] [Decorations] CAPPING events from decorations provider vscode.git 3633
[2022-01-27 19:50:39.559] [exthost] [warning] [Decorations] CAPPING events from decorations provider vscode.git 3633
[2022-01-27 19:50:45.108] [exthost] [warning] [Decorations] CAPPING events from decorations provider vscode.git 3633
[2022-01-27 19:50:50.673] [exthost] [warning] [Decorations] CAPPING events from decorations provider vscode.git 3633
[2022-01-27 19:50:56.243] [exthost] [warning] [Decorations] CAPPING events from decorations provider vscode.git 3633
[2022-01-27 19:51:01.685] [exthost] [warning] [Decorations] CAPPING events from decorations provider vscode.git 3633
[2022-01-27 19:51:17.380] [exthost] [warning] [Decorations] CAPPING events from decorations provider vscode.git 3633
[2022-01-27 19:51:22.764] [exthost] [warning] [Decorations] CAPPING events from decorations provider vscode.git 3633
[2022-01-27 19:51:28.196] [exthost] [warning] [Decorations] CAPPING events from decorations provider vscode.git 3633
[2022-01-27 19:51:33.605] [exthost] [warning] [Decorations] CAPPING events from decorations provider vscode.git 3633
[2022-01-27 19:51:39.049] [exthost] [warning] [Decorations] CAPPING events from decorations provider vscode.git 3633
[2022-01-27 19:51:55.580] [exthost] [warning] [Decorations] CAPPING events from decorations provider vscode.git 3633
[2022-01-27 19:52:00.975] [exthost] [warning] [Decorations] CAPPING events from decorations provider vscode.git 3633
[2022-01-27 19:52:06.440] [exthost] [warning] [Decorations] CAPPING events from decorations provider vscode.git 3633
[2022-01-27 19:52:17.034] [exthost] [warning] [Decorations] CAPPING events from decorations provider vscode.git 3633
[2022-01-27 19:52:22.464] [exthost] [warning] [Decorations] CAPPING events from decorations provider vscode.git 3633
[2022-01-27 19:52:27.843] [exthost] [warning] [Decorations] CAPPING events from decorations provider vscode.git 3633
[2022-01-27 19:52:33.238] [exthost] [warning] [Decorations] CAPPING events from decorations provider vscode.git 3633
[2022-01-27 19:52:38.651] [exthost] [warning] [Decorations] CAPPING events from decorations provider vscode.git 3633
[2022-01-27 19:52:44.028] [exthost] [warning] [Decorations] CAPPING events from decorations provider vscode.git 3633
[2022-01-27 19:52:49.416] [exthost] [warning] [Decorations] CAPPING events from decorations provider vscode.git 3633
[2022-01-27 19:52:54.895] [exthost] [warning] [Decorations] CAPPING events from decorations provider vscode.git 3633
[2022-01-27 19:53:00.345] [exthost] [warning] [Decorations] CAPPING events from decorations provider vscode.git 3633
[2022-01-27 19:53:05.850] [exthost] [warning] [Decorations] CAPPING events from decorations provider vscode.git 3633
[2022-01-27 19:53:11.358] [exthost] [warning] [Decorations] CAPPING events from decorations provider vscode.git 3633
[2022-01-27 19:53:16.747] [exthost] [warning] [Decorations] CAPPING events from decorations provider vscode.git 3633
[2022-01-27 19:53:22.304] [exthost] [warning] [Decorations] CAPPING events from decorations provider vscode.git 3633
[2022-01-27 19:53:27.724] [exthost] [warning] [Decorations] CAPPING events from decorations provider vscode.git 3633
[2022-01-27 19:53:52.544] [exthost] [warning] [Decorations] CAPPING events from decorations provider vscode.git 3633
[2022-01-27 19:53:57.950] [exthost] [warning] [Decorations] CAPPING events from decorations provider vscode.git 3633
[2022-01-27 19:54:03.431] [exthost] [warning] [Decorations] CAPPING events from decorations provider vscode.git 3633
[2022-01-27 19:54:08.812] [exthost] [warning] [Decorations] CAPPING events from decorations provider vscode.git 3633
[2022-01-27 19:54:14.216] [exthost] [warning] [Decorations] CAPPING events from decorations provider vscode.git 3633
[2022-01-27 19:54:19.768] [exthost] [warning] [Decorations] CAPPING events from decorations provider vscode.git 3633
[2022-01-27 19:54:25.230] [exthost] [warning] [Decorations] CAPPING events from decorations provider vscode.git 3633
[2022-01-27 19:54:30.608] [exthost] [warning] [Decorations] CAPPING events from decorations provider vscode.git 3633
[2022-01-27 19:54:36.040] [exthost] [warning] [Decorations] CAPPING events from decorations provider vscode.git 3633
[2022-01-27 19:54:41.446] [exthost] [warning] [Decorations] CAPPING events from decorations provider vscode.git 3633
[2022-01-27 19:54:46.874] [exthost] [warning] [Decorations] CAPPING events from decorations provider vscode.git 3633
[2022-01-27 19:54:52.285] [exthost] [warning] [Decorations] CAPPING events from decorations provider vscode.git 3633
[2022-01-27 19:54:57.846] [exthost] [warning] [Decorations] CAPPING events from decorations provider vscode.git 3633
[2022-01-27 19:55:03.343] [exthost] [warning] [Decorations] CAPPING events from decorations provider vscode.git 3633
[2022-01-27 19:55:08.864] [exthost] [warning] [Decorations] CAPPING events from decorations provider vscode.git 3633
[2022-01-27 19:55:14.395] [exthost] [warning] [Decorations] CAPPING events from decorations provider vscode.git 3633
[2022-01-27 19:55:19.800] [exthost] [warning] [Decorations] CAPPING events from decorations provider vscode.git 3633
[2022-01-27 19:55:25.354] [exthost] [warning] [Decorations] CAPPING events from decorations provider vscode.git 3633
[2022-01-27 19:55:30.767] [exthost] [warning] [Decorations] CAPPING events from decorations provider vscode.git 3633
[2022-01-27 19:55:36.206] [exthost] [warning] [Decorations] CAPPING events from decorations provider vscode.git 3633
[2022-01-27 19:55:41.738] [exthost] [warning] [Decorations] CAPPING events from decorations provider vscode.git 3633
[2022-01-27 19:55:47.221] [exthost] [warning] [Decorations] CAPPING events from decorations provider vscode.git 3633
[2022-01-27 19:56:02.744] [exthost] [warning] [Decorations] CAPPING events from decorations provider vscode.git 3633
[2022-01-27 19:56:08.283] [exthost] [warning] [Decorations] CAPPING events from decorations provider vscode.git 3633
[2022-01-27 19:56:13.831] [exthost] [warning] [Decorations] CAPPING events from decorations provider vscode.git 3633
[2022-01-27 19:56:19.399] [exthost] [warning] [Decorations] CAPPING events from decorations provider vscode.git 3633
[2022-01-27 19:56:24.924] [exthost] [warning] [Decorations] CAPPING events from decorations provider vscode.git 3633
[2022-01-27 19:56:30.429] [exthost] [warning] [Decorations] CAPPING events from decorations provider vscode.git 3633
[2022-01-27 19:56:35.942] [exthost] [warning] [Decorations] CAPPING events from decorations provider vscode.git 3633
[2022-01-27 19:56:41.400] [exthost] [warning] [Decorations] CAPPING events from decorations provider vscode.git 3633
[2022-01-27 19:56:46.770] [exthost] [warning] [Decorations] CAPPING events from decorations provider vscode.git 3633
[2022-01-27 19:56:52.336] [exthost] [warning] [Decorations] CAPPING events from decorations provider vscode.git 3633
[2022-01-27 19:56:57.892] [exthost] [warning] [Decorations] CAPPING events from decorations provider vscode.git 3633
[2022-01-27 19:57:03.487] [exthost] [warning] [Decorations] CAPPING events from decorations provider vscode.git 3633
[2022-01-27 19:57:08.888] [exthost] [warning] [Decorations] CAPPING events from decorations provider vscode.git 3633
[2022-01-27 19:58:41.380] [exthost] [warning] [Decorations] CAPPING events from decorations provider vscode.git 3633
[2022-01-27 19:58:46.751] [exthost] [warning] [Decorations] CAPPING events from decorations provider vscode.git 3633
[2022-01-27 19:58:52.263] [exthost] [warning] [Decorations] CAPPING events from decorations provider vscode.git 3633
[2022-01-27 19:58:57.775] [exthost] [warning] [Decorations] CAPPING events from decorations provider vscode.git 3633
[2022-01-27 19:59:03.160] [exthost] [warning] [Decorations] CAPPING events from decorations provider vscode.git 3633
[2022-01-27 19:59:08.626] [exthost] [warning] [Decorations] CAPPING events from decorations provider vscode.git 3633
[2022-01-27 19:59:14.069] [exthost] [warning] [Decorations] CAPPING events from decorations provider vscode.git 3633
[2022-01-27 19:59:19.589] [exthost] [warning] [Decorations] CAPPING events from decorations provider vscode.git 3633
[2022-01-27 19:59:25.022] [exthost] [warning] [Decorations] CAPPING events from decorations provider vscode.git 3633
[2022-01-27 19:59:30.401] [exthost] [warning] [Decorations] CAPPING events from decorations provider vscode.git 3633
[2022-01-27 19:59:35.819] [exthost] [warning] [Decorations] CAPPING events from decorations provider vscode.git 3633
[2022-01-27 19:59:41.251] [exthost] [warning] [Decorations] CAPPING events from decorations provider vscode.git 3633
[2022-01-27 19:59:47.730] [exthost] [warning] [Decorations] CAPPING events from decorations provider vscode.git 3633
[2022-01-27 19:59:53.210] [exthost] [warning] [Decorations] CAPPING events from decorations provider vscode.git 3633
[2022-01-27 19:59:58.698] [exthost] [warning] [Decorations] CAPPING events from decorations provider vscode.git 3633
[2022-01-27 20:00:04.180] [exthost] [warning] [Decorations] CAPPING events from decorations provider vscode.git 3633
[2022-01-27 20:00:09.651] [exthost] [warning] [Decorations] CAPPING events from decorations provider vscode.git 3633
[2022-01-27 20:00:15.235] [exthost] [warning] [Decorations] CAPPING events from decorations provider vscode.git 3633
[2022-01-27 20:00:20.725] [exthost] [warning] [Decorations] CAPPING events from decorations provider vscode.git 3633
[2022-01-27 20:01:27.685] [exthost] [warning] [Decorations] CAPPING events from decorations provider vscode.git 3633
[2022-01-27 20:01:33.197] [exthost] [warning] [Decorations] CAPPING events from decorations provider vscode.git 3633
[2022-01-27 20:01:38.560] [exthost] [warning] [Decorations] CAPPING events from decorations provider vscode.git 3633
[2022-01-27 20:01:44.114] [exthost] [warning] [Decorations] CAPPING events from decorations provider vscode.git 3633
[2022-01-27 20:01:49.514] [exthost] [warning] [Decorations] CAPPING events from decorations provider vscode.git 3633
[2022-01-27 20:01:55.079] [exthost] [warning] [Decorations] CAPPING events from decorations provider vscode.git 3633
[2022-01-27 20:02:00.561] [exthost] [warning] [Decorations] CAPPING events from decorations provider vscode.git 3633
[2022-01-27 20:02:05.975] [exthost] [warning] [Decorations] CAPPING events from decorations provider vscode.git 3633
[2022-01-27 20:02:11.359] [exthost] [warning] [Decorations] CAPPING events from decorations provider vscode.git 3633
[2022-01-27 20:02:16.793] [exthost] [warning] [Decorations] CAPPING events from decorations provider vscode.git 3633
[2022-01-27 20:02:22.201] [exthost] [warning] [Decorations] CAPPING events from decorations provider vscode.git 3633
[2022-01-27 20:02:27.624] [exthost] [warning] [Decorations] CAPPING events from decorations provider vscode.git 3633
[2022-01-27 20:02:33.046] [exthost] [warning] [Decorations] CAPPING events from decorations provider vscode.git 3633
[2022-01-27 20:03:06.957] [exthost] [warning] [Decorations] CAPPING events from decorations provider vscode.git 3633
[2022-01-27 20:03:12.409] [exthost] [warning] [Decorations] CAPPING events from decorations provider vscode.git 3633
[2022-01-27 20:03:17.905] [exthost] [warning] [Decorations] CAPPING events from decorations provider vscode.git 3633
[2022-01-27 20:03:23.304] [exthost] [warning] [Decorations] CAPPING events from decorations provider vscode.git 3633
[2022-01-27 20:03:28.702] [exthost] [warning] [Decorations] CAPPING events from decorations provider vscode.git 3633
[2022-01-27 20:03:34.093] [exthost] [warning] [Decorations] CAPPING events from decorations provider vscode.git 3633
[2022-01-27 20:03:39.509] [exthost] [warning] [Decorations] CAPPING events from decorations provider vscode.git 3633
[2022-01-27 20:03:44.954] [exthost] [warning] [Decorations] CAPPING events from decorations provider vscode.git 3633
[2022-01-27 20:03:50.396] [exthost] [warning] [Decorations] CAPPING events from decorations provider vscode.git 3633
[2022-01-27 20:03:55.771] [exthost] [warning] [Decorations] CAPPING events from decorations provider vscode.git 3633
[2022-01-27 20:04:01.175] [exthost] [warning] [Decorations] CAPPING events from decorations provider vscode.git 3633
[2022-01-27 20:04:06.585] [exthost] [warning] [Decorations] CAPPING events from decorations provider vscode.git 3633
[2022-01-27 20:04:12.073] [exthost] [warning] [Decorations] CAPPING events from decorations provider vscode.git 3633
[2022-01-27 20:04:17.526] [exthost] [warning] [Decorations] CAPPING events from decorations provider vscode.git 3633
[2022-01-27 20:04:22.902] [exthost] [warning] [Decorations] CAPPING events from decorations provider vscode.git 3633
[2022-01-27 20:04:28.419] [exthost] [warning] [Decorations] CAPPING events from decorations provider vscode.git 3633
[2022-01-27 20:04:33.834] [exthost] [warning] [Decorations] CAPPING events from decorations provider vscode.git 3633
[2022-01-27 20:04:39.377] [exthost] [warning] [Decorations] CAPPING events from decorations provider vscode.git 3633
[2022-01-27 20:04:44.761] [exthost] [warning] [Decorations] CAPPING events from decorations provider vscode.git 3633
[2022-01-27 20:04:50.182] [exthost] [warning] [Decorations] CAPPING events from decorations provider vscode.git 3633
[2022-01-27 20:04:55.645] [exthost] [warning] [Decorations] CAPPING events from decorations provider vscode.git 3633
[2022-01-27 20:05:01.053] [exthost] [warning] [Decorations] CAPPING events from decorations provider vscode.git 3633
[2022-01-27 20:05:06.503] [exthost] [warning] [Decorations] CAPPING events from decorations provider vscode.git 3633
[2022-01-27 20:05:11.894] [exthost] [warning] [Decorations] CAPPING events from decorations provider vscode.git 3633
[2022-01-27 20:05:17.428] [exthost] [warning] [Decorations] CAPPING events from decorations provider vscode.git 3633
[2022-01-27 20:05:22.807] [exthost] [warning] [Decorations] CAPPING events from decorations provider vscode.git 3633
[2022-01-27 20:05:28.248] [exthost] [warning] [Decorations] CAPPING events from decorations provider vscode.git 3633
[2022-01-27 20:05:33.632] [exthost] [warning] [Decorations] CAPPING events from decorations provider vscode.git 3633
[2022-01-27 20:05:39.036] [exthost] [warning] [Decorations] CAPPING events from decorations provider vscode.git 3633
[2022-01-27 20:05:44.584] [exthost] [warning] [Decorations] CAPPING events from decorations provider vscode.git 3633
[2022-01-27 20:05:50.109] [exthost] [warning] [Decorations] CAPPING events from decorations provider vscode.git 3633
[2022-01-27 20:05:55.505] [exthost] [warning] [Decorations] CAPPING events from decorations provider vscode.git 3633
[2022-01-27 20:06:00.942] [exthost] [warning] [Decorations] CAPPING events from decorations provider vscode.git 3633
[2022-01-27 20:06:06.351] [exthost] [warning] [Decorations] CAPPING events from decorations provider vscode.git 3633
[2022-01-27 20:06:15.583] [exthost] [warning] [Decorations] CAPPING events from decorations provider vscode.git 3633
[2022-01-27 20:06:20.974] [exthost] [warning] [Decorations] CAPPING events from decorations provider vscode.git 3633
[2022-01-27 20:06:26.441] [exthost] [warning] [Decorations] CAPPING events from decorations provider vscode.git 3633
[2022-01-27 20:06:27.410] [exthost] [info] extension host terminating: received terminate message from renderer
[2022-01-27 20:06:27.411] [exthost] [info] Lock '/u/cstinson/.vscode-server/data/User/workspaceStorage/7b60651d63b7f27fbf265b46ea38c6ec-1/vscode.lock': Marking the lockfile as scheduled to be released in 6000 ms.
[2022-01-27 20:06:27.416] [exthost] [info] Extension host with pid 10224 exiting with code 0
