Validating found git in: git
Using git 2.34.1 from git
Opening repository for path='/u/cstinson' failed; ex=Failed to execute git {
  "exitCode": 128,
  "gitErrorCode": "NotAGitRepository",
  "gitCommand": "rev-parse",
  "stdout": "",
  "stderr": "fatal: not a git repository (or any parent up to mount point /u)\nStopping at filesystem boundary (GIT_DISCOVERY_ACROSS_FILESYSTEM not set).\n"
}
Opening repository for path='/u/cstinson/.Xdefaults' failed; ex=Error: spawn ENOTDIR
Opening repository for path='/u/cstinson/.bash_aliases' failed; ex=Error: spawn ENOTDIR
Opening repository for path='/u/cstinson/.bash_history' failed; ex=Error: spawn ENOTDIR
Opening repository for path='/u/cstinson/.bashrc' failed; ex=Error: spawn ENOTDIR
Opening repository for path='/u/cstinson/.cache' failed; ex=Failed to execute git {
  "exitCode": 128,
  "gitErrorCode": "NotAGitRepository",
  "gitCommand": "rev-parse",
  "stdout": "",
  "stderr": "fatal: not a git repository (or any parent up to mount point /u)\nStopping at filesystem boundary (GIT_DISCOVERY_ACROSS_FILESYSTEM not set).\n"
}
Opening repository for path='/u/cstinson/.cshrc' failed; ex=Error: spawn ENOTDIR
Opening repository for path='/u/cstinson/.emacs' failed; ex=Error: spawn ENOTDIR
Opening repository for path='/u/cstinson/.forward' failed; ex=Error: spawn ENOTDIR
Opening repository for path='/u/cstinson/.gnupg' failed; ex=Failed to execute git {
  "exitCode": 128,
  "gitErrorCode": "NotAGitRepository",
  "gitCommand": "rev-parse",
  "stdout": "",
  "stderr": "fatal: not a git repository (or any parent up to mount point /u)\nStopping at filesystem boundary (GIT_DISCOVERY_ACROSS_FILESYSTEM not set).\n"
}
Opening repository for path='/u/cstinson/.login' failed; ex=Error: spawn ENOTDIR
Opening repository for path='/u/cstinson/.profile' failed; ex=Error: spawn ENOTDIR
Opening repository for path='/u/cstinson/.ssh' failed; ex=Failed to execute git {
  "exitCode": 128,
  "gitErrorCode": "NotAGitRepository",
  "gitCommand": "rev-parse",
  "stdout": "",
  "stderr": "fatal: not a git repository (or any parent up to mount point /u)\nStopping at filesystem boundary (GIT_DISCOVERY_ACROSS_FILESYSTEM not set).\n"
}
Opening repository for path='/u/cstinson/.vscode-server' failed; ex=Failed to execute git {
  "exitCode": 128,
  "gitErrorCode": "NotAGitRepository",
  "gitCommand": "rev-parse",
  "stdout": "",
  "stderr": "fatal: not a git repository (or any parent up to mount point /u)\nStopping at filesystem boundary (GIT_DISCOVERY_ACROSS_FILESYSTEM not set).\n"
}
Opening repository for path='/u/cstinson/.wget-hsts' failed; ex=Error: spawn ENOTDIR
Opening repository for path='/u/cstinson/.zprofile' failed; ex=Error: spawn ENOTDIR
Opening repository for path='/u/cstinson/cs429' failed; ex=Failed to execute git {
  "exitCode": 128,
  "gitErrorCode": "NotAGitRepository",
  "gitCommand": "rev-parse",
  "stdout": "",
  "stderr": "fatal: not a git repository (or any parent up to mount point /u)\nStopping at filesystem boundary (GIT_DISCOVERY_ACROSS_FILESYSTEM not set).\n"
}
Opening repository for path='/u/cstinson' failed; ex=Failed to execute git {
  "exitCode": 128,
  "gitErrorCode": "NotAGitRepository",
  "gitCommand": "rev-parse",
  "stdout": "",
  "stderr": "fatal: not a git repository (or any parent up to mount point /u)\nStopping at filesystem boundary (GIT_DISCOVERY_ACROSS_FILESYSTEM not set).\n"
}
Opening repository for path='/u/cstinson' failed; ex=Failed to execute git {
  "exitCode": 128,
  "gitErrorCode": "NotAGitRepository",
  "gitCommand": "rev-parse",
  "stdout": "",
  "stderr": "fatal: not a git repository (or any parent up to mount point /u)\nStopping at filesystem boundary (GIT_DISCOVERY_ACROSS_FILESYSTEM not set).\n"
}
